<?xml version="1.0" encoding="UTF-8"?>
<testsuite name="study.datajpa.DataJpaApplicationTests" tests="1" skipped="0" failures="0" errors="0" timestamp="2024-01-22T04:31:47" hostname="jeongjimin-ui-MacBookAir.local" time="0.492">
  <properties/>
  <testcase name="contextLoads()" classname="study.datajpa.DataJpaApplicationTests" time="0.492"/>
  <system-out><![CDATA[13:31:46.327 [Test worker] INFO org.springframework.test.context.support.AnnotationConfigContextLoaderUtils -- Could not detect default configuration classes for test class [study.datajpa.DataJpaApplicationTests]: DataJpaApplicationTests does not declare any static, non-private, non-final, nested classes annotated with @Configuration.
13:31:46.376 [Test worker] INFO org.springframework.boot.test.context.SpringBootTestContextBootstrapper -- Found @SpringBootConfiguration study.datajpa.DataJpaApplication for test class study.datajpa.DataJpaApplicationTests

  .   ____          _            __ _ _
 /\\ / ___'_ __ _ _(_)_ __  __ _ \ \ \ \
( ( )\___ | '_ | '_| | '_ \/ _` | \ \ \ \
 \\/  ___)| |_)| | | | | || (_| |  ) ) ) )
  '  |____| .__|_| |_|_| |_\__, | / / / /
 =========|_|==============|___/=/_/_/_/
 :: Spring Boot ::                (v3.2.2)

2024-01-22T13:31:46.517+09:00  INFO 91403 --- [    Test worker] study.datajpa.DataJpaApplicationTests    : Starting DataJpaApplicationTests using Java 18.0.2 with PID 91403 (started by jeongjimin in /Users/jeongjimin/Documents/spring/data-jpa)
2024-01-22T13:31:46.517+09:00  INFO 91403 --- [    Test worker] study.datajpa.DataJpaApplicationTests    : No active profile set, falling back to 1 default profile: "default"
2024-01-22T13:31:46.735+09:00  INFO 91403 --- [    Test worker] .s.d.r.c.RepositoryConfigurationDelegate : Bootstrapping Spring Data JPA repositories in DEFAULT mode.
2024-01-22T13:31:46.743+09:00  INFO 91403 --- [    Test worker] .s.d.r.c.RepositoryConfigurationDelegate : Finished Spring Data repository scanning in 4 ms. Found 0 JPA repository interfaces.
2024-01-22T13:31:46.888+09:00  INFO 91403 --- [    Test worker] com.zaxxer.hikari.HikariDataSource       : HikariPool-1 - Starting...
2024-01-22T13:31:46.965+09:00  INFO 91403 --- [    Test worker] com.zaxxer.hikari.pool.HikariPool        : HikariPool-1 - Added connection conn0: url=jdbc:h2:mem:410d6b01-d524-4e85-9434-dc4fe05b9fb9 user=SA
2024-01-22T13:31:46.965+09:00  INFO 91403 --- [    Test worker] com.zaxxer.hikari.HikariDataSource       : HikariPool-1 - Start completed.
2024-01-22T13:31:46.988+09:00  INFO 91403 --- [    Test worker] o.hibernate.jpa.internal.util.LogHelper  : HHH000204: Processing PersistenceUnitInfo [name: default]
2024-01-22T13:31:47.017+09:00  INFO 91403 --- [    Test worker] org.hibernate.Version                    : HHH000412: Hibernate ORM core version 6.4.1.Final
2024-01-22T13:31:47.030+09:00  INFO 91403 --- [    Test worker] o.h.c.internal.RegionFactoryInitiator    : HHH000026: Second-level cache disabled
2024-01-22T13:31:47.116+09:00  INFO 91403 --- [    Test worker] o.s.o.j.p.SpringPersistenceUnitInfo      : No LoadTimeWeaver setup: ignoring JPA class transformer
2024-01-22T13:31:47.283+09:00  INFO 91403 --- [    Test worker] o.h.e.t.j.p.i.JtaPlatformInitiator       : HHH000489: No JTA platform available (set 'hibernate.transaction.jta.platform' to enable JTA platform integration)
2024-01-22T13:31:47.284+09:00  INFO 91403 --- [    Test worker] j.LocalContainerEntityManagerFactoryBean : Initialized JPA EntityManagerFactory for persistence unit 'default'
2024-01-22T13:31:47.337+09:00  WARN 91403 --- [    Test worker] JpaBaseConfiguration$JpaWebConfiguration : spring.jpa.open-in-view is enabled by default. Therefore, database queries may be performed during view rendering. Explicitly configure spring.jpa.open-in-view to disable this warning
2024-01-22T13:31:47.484+09:00  INFO 91403 --- [    Test worker] study.datajpa.DataJpaApplicationTests    : Started DataJpaApplicationTests in 1.045 seconds (process running for 1.542)
]]></system-out>
  <system-err><![CDATA[]]></system-err>
</testsuite>
